<?xml version="1.0" encoding="UTF-8"?>
<!-- Generated by org.testng.reporters.JUnitXMLReporter -->
<testsuite hostname="Thomas.familie.esche.gramer" tests="0" failures="0" timestamp="11 Dec 2016 10:38:47 GMT" time="0.047" errors="0">
</testsuite>
