<?xml version="1.0" encoding="UTF-8"?>
<!-- Generated by org.testng.reporters.JUnitXMLReporter -->
<testsuite hostname="Thomas.familie.esche.gramer" name="JUnitTests" tests="10" failures="5" timestamp="27 Nov 2016 15:10:08 GMT" time="5.332" errors="0">
  <testcase name="testStartPatronShowButton on testStartPatronShowButton(org.tinyheb.mobile.activity.MainActivityTests)" time="3.713" classname="org.tinyheb.mobile.activity.MainActivityTests">
    <failure type="android.content.res.Resources$NotFoundException" message="String resource ID #0x7f080000">
      <![CDATA[android.content.res.Resources$NotFoundException: String resource ID #0x7f080000
	at android.content.res.Resources.getText(Resources.java:312)
	at android.content.res.Resources.getString(Resources.java:400)
	at android.content.Context.getString(Context.java:409)
	at org.robolectric.util.ActivityController.getActivityTitle(ActivityController.java:113)
	at org.robolectric.util.ActivityController.attach(ActivityController.java:61)
	at org.robolectric.util.ActivityController.of(ActivityController.java:32)
	at org.robolectric.Robolectric.buildActivity(Robolectric.java:92)
	at org.robolectric.Robolectric.buildActivity(Robolectric.java:88)
	at org.tinyheb.mobile.activity.MainActivityTests.setUp(MainActivityTests.java:32)
	at org.junit.runners.model.FrameworkMethod$1.runReflectiveCall(FrameworkMethod.java:50)
	at org.junit.internal.runners.model.ReflectiveCallable.run(ReflectiveCallable.java:12)
	at org.junit.runners.model.FrameworkMethod.invokeExplosively(FrameworkMethod.java:47)
	at org.junit.internal.runners.statements.RunBefores.evaluate(RunBefores.java:24)
	at org.robolectric.RobolectricTestRunner$2.evaluate(RobolectricTestRunner.java:250)
	at org.robolectric.RobolectricTestRunner.runChild(RobolectricTestRunner.java:176)
	at org.robolectric.RobolectricTestRunner.runChild(RobolectricTestRunner.java:49)
	at org.junit.runners.ParentRunner$3.run(ParentRunner.java:290)
	at org.junit.runners.ParentRunner$1.schedule(ParentRunner.java:71)
	at org.junit.runners.ParentRunner.runChildren(ParentRunner.java:288)
	at org.junit.runners.ParentRunner.access$000(ParentRunner.java:58)
	at org.junit.runners.ParentRunner$2.evaluate(ParentRunner.java:268)
	at org.robolectric.RobolectricTestRunner$1.evaluate(RobolectricTestRunner.java:142)
	at org.junit.runners.ParentRunner.run(ParentRunner.java:363)
	at org.junit.runner.JUnitCore.run(JUnitCore.java:137)
	at org.junit.runner.JUnitCore.run(JUnitCore.java:115)
... Removed 18 stack frames]]>
    </failure>
  </testcase> <!-- testStartPatronShowButton on testStartPatronShowButton(org.tinyheb.mobile.activity.MainActivityTests) -->
  <testcase name="testStartSynchronizeButton on testStartSynchronizeButton(org.tinyheb.mobile.activity.MainActivityTests)" time="0.025" classname="org.tinyheb.mobile.activity.MainActivityTests">
    <failure type="android.content.res.Resources$NotFoundException" message="String resource ID #0x7f080000">
      <![CDATA[android.content.res.Resources$NotFoundException: String resource ID #0x7f080000
	at android.content.res.Resources.getText(Resources.java:312)
	at android.content.res.Resources.getString(Resources.java:400)
	at android.content.Context.getString(Context.java:409)
	at org.robolectric.util.ActivityController.getActivityTitle(ActivityController.java:113)
	at org.robolectric.util.ActivityController.attach(ActivityController.java:61)
	at org.robolectric.util.ActivityController.of(ActivityController.java:32)
	at org.robolectric.Robolectric.buildActivity(Robolectric.java:92)
	at org.robolectric.Robolectric.buildActivity(Robolectric.java:88)
	at org.tinyheb.mobile.activity.MainActivityTests.setUp(MainActivityTests.java:32)
	at org.junit.runners.model.FrameworkMethod$1.runReflectiveCall(FrameworkMethod.java:50)
	at org.junit.internal.runners.model.ReflectiveCallable.run(ReflectiveCallable.java:12)
	at org.junit.runners.model.FrameworkMethod.invokeExplosively(FrameworkMethod.java:47)
	at org.junit.internal.runners.statements.RunBefores.evaluate(RunBefores.java:24)
	at org.robolectric.RobolectricTestRunner$2.evaluate(RobolectricTestRunner.java:250)
	at org.robolectric.RobolectricTestRunner.runChild(RobolectricTestRunner.java:176)
	at org.robolectric.RobolectricTestRunner.runChild(RobolectricTestRunner.java:49)
	at org.junit.runners.ParentRunner$3.run(ParentRunner.java:290)
	at org.junit.runners.ParentRunner$1.schedule(ParentRunner.java:71)
	at org.junit.runners.ParentRunner.runChildren(ParentRunner.java:288)
	at org.junit.runners.ParentRunner.access$000(ParentRunner.java:58)
	at org.junit.runners.ParentRunner$2.evaluate(ParentRunner.java:268)
	at org.robolectric.RobolectricTestRunner$1.evaluate(RobolectricTestRunner.java:142)
	at org.junit.runners.ParentRunner.run(ParentRunner.java:363)
	at org.junit.runner.JUnitCore.run(JUnitCore.java:137)
	at org.junit.runner.JUnitCore.run(JUnitCore.java:115)
... Removed 18 stack frames]]>
    </failure>
  </testcase> <!-- testStartSynchronizeButton on testStartSynchronizeButton(org.tinyheb.mobile.activity.MainActivityTests) -->
  <testcase name="testAPIServerSearchResultHandling on testAPIServerSearchResultHandling(org.tinyheb.mobile.activity.MainActivityTests)" time="0.016" classname="org.tinyheb.mobile.activity.MainActivityTests">
    <failure type="android.content.res.Resources$NotFoundException" message="String resource ID #0x7f080000">
      <![CDATA[android.content.res.Resources$NotFoundException: String resource ID #0x7f080000
	at android.content.res.Resources.getText(Resources.java:312)
	at android.content.res.Resources.getString(Resources.java:400)
	at android.content.Context.getString(Context.java:409)
	at org.robolectric.util.ActivityController.getActivityTitle(ActivityController.java:113)
	at org.robolectric.util.ActivityController.attach(ActivityController.java:61)
	at org.robolectric.util.ActivityController.of(ActivityController.java:32)
	at org.robolectric.Robolectric.buildActivity(Robolectric.java:92)
	at org.robolectric.Robolectric.buildActivity(Robolectric.java:88)
	at org.tinyheb.mobile.activity.MainActivityTests.setUp(MainActivityTests.java:32)
	at org.junit.runners.model.FrameworkMethod$1.runReflectiveCall(FrameworkMethod.java:50)
	at org.junit.internal.runners.model.ReflectiveCallable.run(ReflectiveCallable.java:12)
	at org.junit.runners.model.FrameworkMethod.invokeExplosively(FrameworkMethod.java:47)
	at org.junit.internal.runners.statements.RunBefores.evaluate(RunBefores.java:24)
	at org.robolectric.RobolectricTestRunner$2.evaluate(RobolectricTestRunner.java:250)
	at org.robolectric.RobolectricTestRunner.runChild(RobolectricTestRunner.java:176)
	at org.robolectric.RobolectricTestRunner.runChild(RobolectricTestRunner.java:49)
	at org.junit.runners.ParentRunner$3.run(ParentRunner.java:290)
	at org.junit.runners.ParentRunner$1.schedule(ParentRunner.java:71)
	at org.junit.runners.ParentRunner.runChildren(ParentRunner.java:288)
	at org.junit.runners.ParentRunner.access$000(ParentRunner.java:58)
	at org.junit.runners.ParentRunner$2.evaluate(ParentRunner.java:268)
	at org.robolectric.RobolectricTestRunner$1.evaluate(RobolectricTestRunner.java:142)
	at org.junit.runners.ParentRunner.run(ParentRunner.java:363)
	at org.junit.runner.JUnitCore.run(JUnitCore.java:137)
	at org.junit.runner.JUnitCore.run(JUnitCore.java:115)
... Removed 18 stack frames]]>
    </failure>
  </testcase> <!-- testAPIServerSearchResultHandling on testAPIServerSearchResultHandling(org.tinyheb.mobile.activity.MainActivityTests) -->
  <testcase name="testWifiConnectionChangeEventHandling on testWifiConnectionChangeEventHandling(org.tinyheb.mobile.activity.MainActivityTests)" time="0.026" classname="org.tinyheb.mobile.activity.MainActivityTests">
    <failure type="android.content.res.Resources$NotFoundException" message="String resource ID #0x7f080000">
      <![CDATA[android.content.res.Resources$NotFoundException: String resource ID #0x7f080000
	at android.content.res.Resources.getText(Resources.java:312)
	at android.content.res.Resources.getString(Resources.java:400)
	at android.content.Context.getString(Context.java:409)
	at org.robolectric.util.ActivityController.getActivityTitle(ActivityController.java:113)
	at org.robolectric.util.ActivityController.attach(ActivityController.java:61)
	at org.robolectric.util.ActivityController.of(ActivityController.java:32)
	at org.robolectric.Robolectric.buildActivity(Robolectric.java:92)
	at org.robolectric.Robolectric.buildActivity(Robolectric.java:88)
	at org.tinyheb.mobile.activity.MainActivityTests.setUp(MainActivityTests.java:32)
	at org.junit.runners.model.FrameworkMethod$1.runReflectiveCall(FrameworkMethod.java:50)
	at org.junit.internal.runners.model.ReflectiveCallable.run(ReflectiveCallable.java:12)
	at org.junit.runners.model.FrameworkMethod.invokeExplosively(FrameworkMethod.java:47)
	at org.junit.internal.runners.statements.RunBefores.evaluate(RunBefores.java:24)
	at org.robolectric.RobolectricTestRunner$2.evaluate(RobolectricTestRunner.java:250)
	at org.robolectric.RobolectricTestRunner.runChild(RobolectricTestRunner.java:176)
	at org.robolectric.RobolectricTestRunner.runChild(RobolectricTestRunner.java:49)
	at org.junit.runners.ParentRunner$3.run(ParentRunner.java:290)
	at org.junit.runners.ParentRunner$1.schedule(ParentRunner.java:71)
	at org.junit.runners.ParentRunner.runChildren(ParentRunner.java:288)
	at org.junit.runners.ParentRunner.access$000(ParentRunner.java:58)
	at org.junit.runners.ParentRunner$2.evaluate(ParentRunner.java:268)
	at org.robolectric.RobolectricTestRunner$1.evaluate(RobolectricTestRunner.java:142)
	at org.junit.runners.ParentRunner.run(ParentRunner.java:363)
	at org.junit.runner.JUnitCore.run(JUnitCore.java:137)
	at org.junit.runner.JUnitCore.run(JUnitCore.java:115)
... Removed 18 stack frames]]>
    </failure>
  </testcase> <!-- testWifiConnectionChangeEventHandling on testWifiConnectionChangeEventHandling(org.tinyheb.mobile.activity.MainActivityTests) -->
  <testcase name="testStartPatronInsertButton on testStartPatronInsertButton(org.tinyheb.mobile.activity.MainActivityTests)" time="0.019" classname="org.tinyheb.mobile.activity.MainActivityTests">
    <failure type="android.content.res.Resources$NotFoundException" message="String resource ID #0x7f080000">
      <![CDATA[android.content.res.Resources$NotFoundException: String resource ID #0x7f080000
	at android.content.res.Resources.getText(Resources.java:312)
	at android.content.res.Resources.getString(Resources.java:400)
	at android.content.Context.getString(Context.java:409)
	at org.robolectric.util.ActivityController.getActivityTitle(ActivityController.java:113)
	at org.robolectric.util.ActivityController.attach(ActivityController.java:61)
	at org.robolectric.util.ActivityController.of(ActivityController.java:32)
	at org.robolectric.Robolectric.buildActivity(Robolectric.java:92)
	at org.robolectric.Robolectric.buildActivity(Robolectric.java:88)
	at org.tinyheb.mobile.activity.MainActivityTests.setUp(MainActivityTests.java:32)
	at org.junit.runners.model.FrameworkMethod$1.runReflectiveCall(FrameworkMethod.java:50)
	at org.junit.internal.runners.model.ReflectiveCallable.run(ReflectiveCallable.java:12)
	at org.junit.runners.model.FrameworkMethod.invokeExplosively(FrameworkMethod.java:47)
	at org.junit.internal.runners.statements.RunBefores.evaluate(RunBefores.java:24)
	at org.robolectric.RobolectricTestRunner$2.evaluate(RobolectricTestRunner.java:250)
	at org.robolectric.RobolectricTestRunner.runChild(RobolectricTestRunner.java:176)
	at org.robolectric.RobolectricTestRunner.runChild(RobolectricTestRunner.java:49)
	at org.junit.runners.ParentRunner$3.run(ParentRunner.java:290)
	at org.junit.runners.ParentRunner$1.schedule(ParentRunner.java:71)
	at org.junit.runners.ParentRunner.runChildren(ParentRunner.java:288)
	at org.junit.runners.ParentRunner.access$000(ParentRunner.java:58)
	at org.junit.runners.ParentRunner$2.evaluate(ParentRunner.java:268)
	at org.robolectric.RobolectricTestRunner$1.evaluate(RobolectricTestRunner.java:142)
	at org.junit.runners.ParentRunner.run(ParentRunner.java:363)
	at org.junit.runner.JUnitCore.run(JUnitCore.java:137)
	at org.junit.runner.JUnitCore.run(JUnitCore.java:115)
... Removed 18 stack frames]]>
    </failure>
  </testcase> <!-- testStartPatronInsertButton on testStartPatronInsertButton(org.tinyheb.mobile.activity.MainActivityTests) -->
  <testcase name="testSetListener on testSetListener(org.tinyheb.mobile.WiFiReceiverTest)" time="1.398" classname="org.tinyheb.mobile.WiFiReceiverTest"/>
  <testcase name="testOnReceiveDisconnectedOtherNetworkState on testOnReceiveDisconnectedOtherNetworkState(org.tinyheb.mobile.WiFiReceiverTest)" time="0.026" classname="org.tinyheb.mobile.WiFiReceiverTest"/>
  <testcase name="testOnReceiveConnectedWifiStateOnWifiConnected on testOnReceiveConnectedWifiStateOnWifiConnected(org.tinyheb.mobile.WiFiReceiverTest)" time="0.007" classname="org.tinyheb.mobile.WiFiReceiverTest"/>
  <testcase name="testOnReceiveDisconnectedWifiStateOnWifiDisabled on testOnReceiveDisconnectedWifiStateOnWifiDisabled(org.tinyheb.mobile.WiFiReceiverTest)" time="0.007" classname="org.tinyheb.mobile.WiFiReceiverTest"/>
  <testcase name="testOnReceiveDisconnectedWifiStateOnWifiDisConnected on testOnReceiveDisconnectedWifiStateOnWifiDisConnected(org.tinyheb.mobile.WiFiReceiverTest)" time="0.007" classname="org.tinyheb.mobile.WiFiReceiverTest"/>
</testsuite> <!-- JUnitTests -->
