<?xml version="1.0" encoding="UTF-8"?>
<!-- Generated by org.testng.reporters.JUnitReportReporter -->
<testsuite hostname="Thomas.familie.esche.gramer" name="org.tinyheb.mobile.activity.MainActivityTests" tests="5" failures="0" timestamp="27 Nov 2016 15:10:08 GMT" time="3.799" errors="5">
  <testcase name="testStartSynchronizeButton" time="0.025" classname="org.tinyheb.mobile.activity.MainActivityTests">
    <error type="android.content.res.Resources$NotFoundException" message="String resource ID #0x7f080000">
      <![CDATA[android.content.res.Resources$NotFoundException: String resource ID #0x7f080000
	at android.content.res.Resources.getText(Resources.java:312)
	at android.content.res.Resources.getString(Resources.java:400)
	at android.content.Context.getString(Context.java:409)
	at org.robolectric.util.ActivityController.getActivityTitle(ActivityController.java:113)
	at org.robolectric.util.ActivityController.attach(ActivityController.java:61)
	at org.robolectric.util.ActivityController.of(ActivityController.java:32)
	at org.robolectric.Robolectric.buildActivity(Robolectric.java:92)
	at org.robolectric.Robolectric.buildActivity(Robolectric.java:88)
	at org.tinyheb.mobile.activity.MainActivityTests.setUp(MainActivityTests.java:32)
	at org.junit.runners.model.FrameworkMethod$1.runReflectiveCall(FrameworkMethod.java:50)
	at org.junit.internal.runners.model.ReflectiveCallable.run(ReflectiveCallable.java:12)
	at org.junit.runners.model.FrameworkMethod.invokeExplosively(FrameworkMethod.java:47)
	at org.junit.internal.runners.statements.RunBefores.evaluate(RunBefores.java:24)
	at org.robolectric.RobolectricTestRunner$2.evaluate(RobolectricTestRunner.java:250)
	at org.robolectric.RobolectricTestRunner.runChild(RobolectricTestRunner.java:176)
	at org.robolectric.RobolectricTestRunner.runChild(RobolectricTestRunner.java:49)
	at org.junit.runners.ParentRunner$3.run(ParentRunner.java:290)
	at org.junit.runners.ParentRunner$1.schedule(ParentRunner.java:71)
	at org.junit.runners.ParentRunner.runChildren(ParentRunner.java:288)
	at org.junit.runners.ParentRunner.access$000(ParentRunner.java:58)
	at org.junit.runners.ParentRunner$2.evaluate(ParentRunner.java:268)
	at org.robolectric.RobolectricTestRunner$1.evaluate(RobolectricTestRunner.java:142)
	at org.junit.runners.ParentRunner.run(ParentRunner.java:363)
	at org.junit.runner.JUnitCore.run(JUnitCore.java:137)
	at org.junit.runner.JUnitCore.run(JUnitCore.java:115)
	at org.testng.junit.JUnit4TestRunner.start(JUnit4TestRunner.java:81)
	at org.testng.junit.JUnit4TestRunner.run(JUnit4TestRunner.java:69)
	at org.testng.TestRunner$1.run(TestRunner.java:689)
	at org.testng.TestRunner.runWorkers(TestRunner.java:1014)
	at org.testng.TestRunner.privateRunJUnit(TestRunner.java:720)
	at org.testng.TestRunner.run(TestRunner.java:621)
	at org.testng.SuiteRunner.runTest(SuiteRunner.java:359)
	at org.testng.SuiteRunner.runSequentially(SuiteRunner.java:354)
	at org.testng.SuiteRunner.privateRun(SuiteRunner.java:312)
	at org.testng.SuiteRunner.run(SuiteRunner.java:261)
	at org.testng.SuiteRunnerWorker.runSuite(SuiteRunnerWorker.java:52)
	at org.testng.SuiteRunnerWorker.run(SuiteRunnerWorker.java:86)
	at org.testng.TestNG.runSuitesSequentially(TestNG.java:1191)
	at org.testng.TestNG.runSuitesLocally(TestNG.java:1116)
	at org.testng.TestNG.run(TestNG.java:1024)
	at org.testng.remote.AbstractRemoteTestNG.run(AbstractRemoteTestNG.java:132)
	at org.testng.remote.RemoteTestNG.initAndRun(RemoteTestNG.java:236)
	at org.testng.remote.RemoteTestNG.main(RemoteTestNG.java:81)
]]>
    </error>
  </testcase> <!-- testStartSynchronizeButton -->
  <testcase name="testAPIServerSearchResultHandling" time="0.016" classname="org.tinyheb.mobile.activity.MainActivityTests">
    <error type="android.content.res.Resources$NotFoundException" message="String resource ID #0x7f080000">
      <![CDATA[android.content.res.Resources$NotFoundException: String resource ID #0x7f080000
	at android.content.res.Resources.getText(Resources.java:312)
	at android.content.res.Resources.getString(Resources.java:400)
	at android.content.Context.getString(Context.java:409)
	at org.robolectric.util.ActivityController.getActivityTitle(ActivityController.java:113)
	at org.robolectric.util.ActivityController.attach(ActivityController.java:61)
	at org.robolectric.util.ActivityController.of(ActivityController.java:32)
	at org.robolectric.Robolectric.buildActivity(Robolectric.java:92)
	at org.robolectric.Robolectric.buildActivity(Robolectric.java:88)
	at org.tinyheb.mobile.activity.MainActivityTests.setUp(MainActivityTests.java:32)
	at org.junit.runners.model.FrameworkMethod$1.runReflectiveCall(FrameworkMethod.java:50)
	at org.junit.internal.runners.model.ReflectiveCallable.run(ReflectiveCallable.java:12)
	at org.junit.runners.model.FrameworkMethod.invokeExplosively(FrameworkMethod.java:47)
	at org.junit.internal.runners.statements.RunBefores.evaluate(RunBefores.java:24)
	at org.robolectric.RobolectricTestRunner$2.evaluate(RobolectricTestRunner.java:250)
	at org.robolectric.RobolectricTestRunner.runChild(RobolectricTestRunner.java:176)
	at org.robolectric.RobolectricTestRunner.runChild(RobolectricTestRunner.java:49)
	at org.junit.runners.ParentRunner$3.run(ParentRunner.java:290)
	at org.junit.runners.ParentRunner$1.schedule(ParentRunner.java:71)
	at org.junit.runners.ParentRunner.runChildren(ParentRunner.java:288)
	at org.junit.runners.ParentRunner.access$000(ParentRunner.java:58)
	at org.junit.runners.ParentRunner$2.evaluate(ParentRunner.java:268)
	at org.robolectric.RobolectricTestRunner$1.evaluate(RobolectricTestRunner.java:142)
	at org.junit.runners.ParentRunner.run(ParentRunner.java:363)
	at org.junit.runner.JUnitCore.run(JUnitCore.java:137)
	at org.junit.runner.JUnitCore.run(JUnitCore.java:115)
	at org.testng.junit.JUnit4TestRunner.start(JUnit4TestRunner.java:81)
	at org.testng.junit.JUnit4TestRunner.run(JUnit4TestRunner.java:69)
	at org.testng.TestRunner$1.run(TestRunner.java:689)
	at org.testng.TestRunner.runWorkers(TestRunner.java:1014)
	at org.testng.TestRunner.privateRunJUnit(TestRunner.java:720)
	at org.testng.TestRunner.run(TestRunner.java:621)
	at org.testng.SuiteRunner.runTest(SuiteRunner.java:359)
	at org.testng.SuiteRunner.runSequentially(SuiteRunner.java:354)
	at org.testng.SuiteRunner.privateRun(SuiteRunner.java:312)
	at org.testng.SuiteRunner.run(SuiteRunner.java:261)
	at org.testng.SuiteRunnerWorker.runSuite(SuiteRunnerWorker.java:52)
	at org.testng.SuiteRunnerWorker.run(SuiteRunnerWorker.java:86)
	at org.testng.TestNG.runSuitesSequentially(TestNG.java:1191)
	at org.testng.TestNG.runSuitesLocally(TestNG.java:1116)
	at org.testng.TestNG.run(TestNG.java:1024)
	at org.testng.remote.AbstractRemoteTestNG.run(AbstractRemoteTestNG.java:132)
	at org.testng.remote.RemoteTestNG.initAndRun(RemoteTestNG.java:236)
	at org.testng.remote.RemoteTestNG.main(RemoteTestNG.java:81)
]]>
    </error>
  </testcase> <!-- testAPIServerSearchResultHandling -->
  <testcase name="testWifiConnectionChangeEventHandling" time="0.026" classname="org.tinyheb.mobile.activity.MainActivityTests">
    <error type="android.content.res.Resources$NotFoundException" message="String resource ID #0x7f080000">
      <![CDATA[android.content.res.Resources$NotFoundException: String resource ID #0x7f080000
	at android.content.res.Resources.getText(Resources.java:312)
	at android.content.res.Resources.getString(Resources.java:400)
	at android.content.Context.getString(Context.java:409)
	at org.robolectric.util.ActivityController.getActivityTitle(ActivityController.java:113)
	at org.robolectric.util.ActivityController.attach(ActivityController.java:61)
	at org.robolectric.util.ActivityController.of(ActivityController.java:32)
	at org.robolectric.Robolectric.buildActivity(Robolectric.java:92)
	at org.robolectric.Robolectric.buildActivity(Robolectric.java:88)
	at org.tinyheb.mobile.activity.MainActivityTests.setUp(MainActivityTests.java:32)
	at org.junit.runners.model.FrameworkMethod$1.runReflectiveCall(FrameworkMethod.java:50)
	at org.junit.internal.runners.model.ReflectiveCallable.run(ReflectiveCallable.java:12)
	at org.junit.runners.model.FrameworkMethod.invokeExplosively(FrameworkMethod.java:47)
	at org.junit.internal.runners.statements.RunBefores.evaluate(RunBefores.java:24)
	at org.robolectric.RobolectricTestRunner$2.evaluate(RobolectricTestRunner.java:250)
	at org.robolectric.RobolectricTestRunner.runChild(RobolectricTestRunner.java:176)
	at org.robolectric.RobolectricTestRunner.runChild(RobolectricTestRunner.java:49)
	at org.junit.runners.ParentRunner$3.run(ParentRunner.java:290)
	at org.junit.runners.ParentRunner$1.schedule(ParentRunner.java:71)
	at org.junit.runners.ParentRunner.runChildren(ParentRunner.java:288)
	at org.junit.runners.ParentRunner.access$000(ParentRunner.java:58)
	at org.junit.runners.ParentRunner$2.evaluate(ParentRunner.java:268)
	at org.robolectric.RobolectricTestRunner$1.evaluate(RobolectricTestRunner.java:142)
	at org.junit.runners.ParentRunner.run(ParentRunner.java:363)
	at org.junit.runner.JUnitCore.run(JUnitCore.java:137)
	at org.junit.runner.JUnitCore.run(JUnitCore.java:115)
	at org.testng.junit.JUnit4TestRunner.start(JUnit4TestRunner.java:81)
	at org.testng.junit.JUnit4TestRunner.run(JUnit4TestRunner.java:69)
	at org.testng.TestRunner$1.run(TestRunner.java:689)
	at org.testng.TestRunner.runWorkers(TestRunner.java:1014)
	at org.testng.TestRunner.privateRunJUnit(TestRunner.java:720)
	at org.testng.TestRunner.run(TestRunner.java:621)
	at org.testng.SuiteRunner.runTest(SuiteRunner.java:359)
	at org.testng.SuiteRunner.runSequentially(SuiteRunner.java:354)
	at org.testng.SuiteRunner.privateRun(SuiteRunner.java:312)
	at org.testng.SuiteRunner.run(SuiteRunner.java:261)
	at org.testng.SuiteRunnerWorker.runSuite(SuiteRunnerWorker.java:52)
	at org.testng.SuiteRunnerWorker.run(SuiteRunnerWorker.java:86)
	at org.testng.TestNG.runSuitesSequentially(TestNG.java:1191)
	at org.testng.TestNG.runSuitesLocally(TestNG.java:1116)
	at org.testng.TestNG.run(TestNG.java:1024)
	at org.testng.remote.AbstractRemoteTestNG.run(AbstractRemoteTestNG.java:132)
	at org.testng.remote.RemoteTestNG.initAndRun(RemoteTestNG.java:236)
	at org.testng.remote.RemoteTestNG.main(RemoteTestNG.java:81)
]]>
    </error>
  </testcase> <!-- testWifiConnectionChangeEventHandling -->
  <testcase name="testStartPatronInsertButton" time="0.019" classname="org.tinyheb.mobile.activity.MainActivityTests">
    <error type="android.content.res.Resources$NotFoundException" message="String resource ID #0x7f080000">
      <![CDATA[android.content.res.Resources$NotFoundException: String resource ID #0x7f080000
	at android.content.res.Resources.getText(Resources.java:312)
	at android.content.res.Resources.getString(Resources.java:400)
	at android.content.Context.getString(Context.java:409)
	at org.robolectric.util.ActivityController.getActivityTitle(ActivityController.java:113)
	at org.robolectric.util.ActivityController.attach(ActivityController.java:61)
	at org.robolectric.util.ActivityController.of(ActivityController.java:32)
	at org.robolectric.Robolectric.buildActivity(Robolectric.java:92)
	at org.robolectric.Robolectric.buildActivity(Robolectric.java:88)
	at org.tinyheb.mobile.activity.MainActivityTests.setUp(MainActivityTests.java:32)
	at org.junit.runners.model.FrameworkMethod$1.runReflectiveCall(FrameworkMethod.java:50)
	at org.junit.internal.runners.model.ReflectiveCallable.run(ReflectiveCallable.java:12)
	at org.junit.runners.model.FrameworkMethod.invokeExplosively(FrameworkMethod.java:47)
	at org.junit.internal.runners.statements.RunBefores.evaluate(RunBefores.java:24)
	at org.robolectric.RobolectricTestRunner$2.evaluate(RobolectricTestRunner.java:250)
	at org.robolectric.RobolectricTestRunner.runChild(RobolectricTestRunner.java:176)
	at org.robolectric.RobolectricTestRunner.runChild(RobolectricTestRunner.java:49)
	at org.junit.runners.ParentRunner$3.run(ParentRunner.java:290)
	at org.junit.runners.ParentRunner$1.schedule(ParentRunner.java:71)
	at org.junit.runners.ParentRunner.runChildren(ParentRunner.java:288)
	at org.junit.runners.ParentRunner.access$000(ParentRunner.java:58)
	at org.junit.runners.ParentRunner$2.evaluate(ParentRunner.java:268)
	at org.robolectric.RobolectricTestRunner$1.evaluate(RobolectricTestRunner.java:142)
	at org.junit.runners.ParentRunner.run(ParentRunner.java:363)
	at org.junit.runner.JUnitCore.run(JUnitCore.java:137)
	at org.junit.runner.JUnitCore.run(JUnitCore.java:115)
	at org.testng.junit.JUnit4TestRunner.start(JUnit4TestRunner.java:81)
	at org.testng.junit.JUnit4TestRunner.run(JUnit4TestRunner.java:69)
	at org.testng.TestRunner$1.run(TestRunner.java:689)
	at org.testng.TestRunner.runWorkers(TestRunner.java:1014)
	at org.testng.TestRunner.privateRunJUnit(TestRunner.java:720)
	at org.testng.TestRunner.run(TestRunner.java:621)
	at org.testng.SuiteRunner.runTest(SuiteRunner.java:359)
	at org.testng.SuiteRunner.runSequentially(SuiteRunner.java:354)
	at org.testng.SuiteRunner.privateRun(SuiteRunner.java:312)
	at org.testng.SuiteRunner.run(SuiteRunner.java:261)
	at org.testng.SuiteRunnerWorker.runSuite(SuiteRunnerWorker.java:52)
	at org.testng.SuiteRunnerWorker.run(SuiteRunnerWorker.java:86)
	at org.testng.TestNG.runSuitesSequentially(TestNG.java:1191)
	at org.testng.TestNG.runSuitesLocally(TestNG.java:1116)
	at org.testng.TestNG.run(TestNG.java:1024)
	at org.testng.remote.AbstractRemoteTestNG.run(AbstractRemoteTestNG.java:132)
	at org.testng.remote.RemoteTestNG.initAndRun(RemoteTestNG.java:236)
	at org.testng.remote.RemoteTestNG.main(RemoteTestNG.java:81)
]]>
    </error>
  </testcase> <!-- testStartPatronInsertButton -->
  <testcase name="testStartPatronShowButton" time="3.713" classname="org.tinyheb.mobile.activity.MainActivityTests">
    <error type="android.content.res.Resources$NotFoundException" message="String resource ID #0x7f080000">
      <![CDATA[android.content.res.Resources$NotFoundException: String resource ID #0x7f080000
	at android.content.res.Resources.getText(Resources.java:312)
	at android.content.res.Resources.getString(Resources.java:400)
	at android.content.Context.getString(Context.java:409)
	at org.robolectric.util.ActivityController.getActivityTitle(ActivityController.java:113)
	at org.robolectric.util.ActivityController.attach(ActivityController.java:61)
	at org.robolectric.util.ActivityController.of(ActivityController.java:32)
	at org.robolectric.Robolectric.buildActivity(Robolectric.java:92)
	at org.robolectric.Robolectric.buildActivity(Robolectric.java:88)
	at org.tinyheb.mobile.activity.MainActivityTests.setUp(MainActivityTests.java:32)
	at org.junit.runners.model.FrameworkMethod$1.runReflectiveCall(FrameworkMethod.java:50)
	at org.junit.internal.runners.model.ReflectiveCallable.run(ReflectiveCallable.java:12)
	at org.junit.runners.model.FrameworkMethod.invokeExplosively(FrameworkMethod.java:47)
	at org.junit.internal.runners.statements.RunBefores.evaluate(RunBefores.java:24)
	at org.robolectric.RobolectricTestRunner$2.evaluate(RobolectricTestRunner.java:250)
	at org.robolectric.RobolectricTestRunner.runChild(RobolectricTestRunner.java:176)
	at org.robolectric.RobolectricTestRunner.runChild(RobolectricTestRunner.java:49)
	at org.junit.runners.ParentRunner$3.run(ParentRunner.java:290)
	at org.junit.runners.ParentRunner$1.schedule(ParentRunner.java:71)
	at org.junit.runners.ParentRunner.runChildren(ParentRunner.java:288)
	at org.junit.runners.ParentRunner.access$000(ParentRunner.java:58)
	at org.junit.runners.ParentRunner$2.evaluate(ParentRunner.java:268)
	at org.robolectric.RobolectricTestRunner$1.evaluate(RobolectricTestRunner.java:142)
	at org.junit.runners.ParentRunner.run(ParentRunner.java:363)
	at org.junit.runner.JUnitCore.run(JUnitCore.java:137)
	at org.junit.runner.JUnitCore.run(JUnitCore.java:115)
	at org.testng.junit.JUnit4TestRunner.start(JUnit4TestRunner.java:81)
	at org.testng.junit.JUnit4TestRunner.run(JUnit4TestRunner.java:69)
	at org.testng.TestRunner$1.run(TestRunner.java:689)
	at org.testng.TestRunner.runWorkers(TestRunner.java:1014)
	at org.testng.TestRunner.privateRunJUnit(TestRunner.java:720)
	at org.testng.TestRunner.run(TestRunner.java:621)
	at org.testng.SuiteRunner.runTest(SuiteRunner.java:359)
	at org.testng.SuiteRunner.runSequentially(SuiteRunner.java:354)
	at org.testng.SuiteRunner.privateRun(SuiteRunner.java:312)
	at org.testng.SuiteRunner.run(SuiteRunner.java:261)
	at org.testng.SuiteRunnerWorker.runSuite(SuiteRunnerWorker.java:52)
	at org.testng.SuiteRunnerWorker.run(SuiteRunnerWorker.java:86)
	at org.testng.TestNG.runSuitesSequentially(TestNG.java:1191)
	at org.testng.TestNG.runSuitesLocally(TestNG.java:1116)
	at org.testng.TestNG.run(TestNG.java:1024)
	at org.testng.remote.AbstractRemoteTestNG.run(AbstractRemoteTestNG.java:132)
	at org.testng.remote.RemoteTestNG.initAndRun(RemoteTestNG.java:236)
	at org.testng.remote.RemoteTestNG.main(RemoteTestNG.java:81)
]]>
    </error>
  </testcase> <!-- testStartPatronShowButton -->
</testsuite> <!-- org.tinyheb.mobile.activity.MainActivityTests -->
