<?xml version="1.0" encoding="UTF-8"?>
<!-- Generated by org.testng.reporters.JUnitReportReporter -->
<testsuite hostname="Thomas.familie.esche.gramer" name="org.tinyheb.mobile.WiFiReceiverTest" tests="5" failures="0" timestamp="27 Nov 2016 15:10:08 GMT" time="1.445" errors="0">
  <testcase name="testSetListener" time="1.398" classname="org.tinyheb.mobile.WiFiReceiverTest"/>
  <testcase name="testOnReceiveDisconnectedWifiStateOnWifiDisabled" time="0.007" classname="org.tinyheb.mobile.WiFiReceiverTest"/>
  <testcase name="testOnReceiveDisconnectedOtherNetworkState" time="0.026" classname="org.tinyheb.mobile.WiFiReceiverTest"/>
  <testcase name="testOnReceiveConnectedWifiStateOnWifiConnected" time="0.007" classname="org.tinyheb.mobile.WiFiReceiverTest"/>
  <testcase name="testOnReceiveDisconnectedWifiStateOnWifiDisConnected" time="0.007" classname="org.tinyheb.mobile.WiFiReceiverTest"/>
</testsuite> <!-- org.tinyheb.mobile.WiFiReceiverTest -->
